<?xml version="1.0" encoding="UTF-8"?>
<testng-results ignored="0" total="2" passed="1" failed="1" skipped="0">
  <reporter-output>
  </reporter-output>
  <suite started-at="2023-09-09T22:45:53 EET" name="Surefire suite" finished-at="2023-09-09T22:46:50 EET" duration-ms="57030">
    <groups>
    </groups>
    <test started-at="2023-09-09T22:45:53 EET" name="Surefire test" finished-at="2023-09-09T22:46:50 EET" duration-ms="57030">
      <class name="tests.FirstTestCase">
        <test-method is-config="true" signature="setUpEnvironment()[pri:0, instance:tests.FirstTestCase@18ce0030]" started-at="2023-09-09T22:45:53 EET" name="setUpEnvironment" finished-at="2023-09-09T22:46:02 EET" duration-ms="8648" status="PASS">
          <reporter-output>
          </reporter-output>
        </test-method> <!-- setUpEnvironment -->
        <test-method signature="clickViews(java.lang.String,java.lang.String,java.lang.String,java.lang.String)[pri:0, instance:tests.FirstTestCase@18ce0030]" started-at="2023-09-09T22:46:02 EET" name="clickViews" data-provider="TestData" finished-at="2023-09-09T22:46:21 EET" duration-ms="19437" status="FAIL">
          <params>
            <param index="0">
              <value>
                <![CDATA[Mohamed Amr]]>
              </value>
            </param>
            <param index="1">
              <value>
                <![CDATA[rgrgrg]]>
              </value>
            </param>
            <param index="2">
              <value>
                <![CDATA[Amr@foodics.com]]>
              </value>
            </param>
            <param index="3">
              <value>
                <![CDATA[Foodics77]]>
              </value>
            </param>
          </params>
          <exception class="java.lang.AssertionError">
            <message>
              <![CDATA[phone number text box takes text Assertion expected [] but found [rgrgrg]]]>
            </message>
            <full-stacktrace>
              <![CDATA[java.lang.AssertionError: phone number text box takes text Assertion expected [] but found [rgrgrg]
at org.testng.Assert.fail(Assert.java:111)
at org.testng.Assert.failNotEquals(Assert.java:1578)
at org.testng.Assert.assertEqualsImpl(Assert.java:150)
at org.testng.Assert.assertEquals(Assert.java:132)
at org.testng.Assert.assertEquals(Assert.java:656)
at Pages.RegistrationPage.writePhoneNumber(RegistrationPage.java:53)
at Pages.RegistrationPage.userRegistration(RegistrationPage.java:70)
at tests.FirstTestCase.clickViews(FirstTestCase.java:36)
at java.base/jdk.internal.reflect.DirectMethodHandleAccessor.invoke(DirectMethodHandleAccessor.java:104)
at java.base/java.lang.reflect.Method.invoke(Method.java:578)
at org.testng.internal.invokers.MethodInvocationHelper.invokeMethod(MethodInvocationHelper.java:139)
at org.testng.internal.invokers.TestInvoker.invokeMethod(TestInvoker.java:664)
at org.testng.internal.invokers.TestInvoker.invokeTestMethod(TestInvoker.java:227)
at org.testng.internal.invokers.MethodRunner.runInSequence(MethodRunner.java:50)
at org.testng.internal.invokers.TestInvoker$MethodInvocationAgent.invoke(TestInvoker.java:957)
at org.testng.internal.invokers.TestInvoker.invokeTestMethods(TestInvoker.java:200)
at org.testng.internal.invokers.TestMethodWorker.invokeTestMethods(TestMethodWorker.java:148)
at org.testng.internal.invokers.TestMethodWorker.run(TestMethodWorker.java:128)
at java.base/java.util.ArrayList.forEach(ArrayList.java:1511)
at org.testng.TestRunner.privateRun(TestRunner.java:848)
at org.testng.TestRunner.run(TestRunner.java:621)
at org.testng.SuiteRunner.runTest(SuiteRunner.java:443)
at org.testng.SuiteRunner.runSequentially(SuiteRunner.java:437)
at org.testng.SuiteRunner.privateRun(SuiteRunner.java:397)
at org.testng.SuiteRunner.run(SuiteRunner.java:336)
at org.testng.SuiteRunnerWorker.runSuite(SuiteRunnerWorker.java:52)
at org.testng.SuiteRunnerWorker.run(SuiteRunnerWorker.java:95)
at org.testng.TestNG.runSuitesSequentially(TestNG.java:1280)
at org.testng.TestNG.runSuitesLocally(TestNG.java:1200)
at org.testng.TestNG.runSuites(TestNG.java:1114)
at org.testng.TestNG.run(TestNG.java:1082)
at org.apache.maven.surefire.testng.TestNGExecutor.run(TestNGExecutor.java:135)
at org.apache.maven.surefire.testng.TestNGDirectoryTestSuite.executeMulti(TestNGDirectoryTestSuite.java:193)
at org.apache.maven.surefire.testng.TestNGDirectoryTestSuite.execute(TestNGDirectoryTestSuite.java:94)
at org.apache.maven.surefire.testng.TestNGProvider.invoke(TestNGProvider.java:146)
at org.apache.maven.surefire.booter.ForkedBooter.invokeProviderInSameClassLoader(ForkedBooter.java:384)
at org.apache.maven.surefire.booter.ForkedBooter.runSuitesInProcess(ForkedBooter.java:345)
at org.apache.maven.surefire.booter.ForkedBooter.execute(ForkedBooter.java:126)
at org.apache.maven.surefire.booter.ForkedBooter.main(ForkedBooter.java:418)
]]>
            </full-stacktrace>
          </exception> <!-- java.lang.AssertionError -->
          <reporter-output>
          </reporter-output>
        </test-method> <!-- clickViews -->
        <test-method is-config="true" signature="clearUpEnvironment()[pri:0, instance:tests.FirstTestCase@18ce0030]" started-at="2023-09-09T22:46:21 EET" name="clearUpEnvironment" finished-at="2023-09-09T22:46:22 EET" duration-ms="645" status="PASS">
          <reporter-output>
          </reporter-output>
        </test-method> <!-- clearUpEnvironment -->
        <test-method is-config="true" signature="setUpEnvironment()[pri:0, instance:tests.FirstTestCase@18ce0030]" started-at="2023-09-09T22:46:22 EET" name="setUpEnvironment" finished-at="2023-09-09T22:46:29 EET" duration-ms="7599" status="PASS">
          <reporter-output>
          </reporter-output>
        </test-method> <!-- setUpEnvironment -->
        <test-method signature="clickViews(java.lang.String,java.lang.String,java.lang.String,java.lang.String)[pri:0, instance:tests.FirstTestCase@18ce0030]" started-at="2023-09-09T22:46:29 EET" name="clickViews" data-provider="TestData" finished-at="2023-09-09T22:46:49 EET" duration-ms="19590" status="PASS">
          <params>
            <param index="0">
              <value>
                <![CDATA[Ahmed Tarek]]>
              </value>
            </param>
            <param index="1">
              <value>
                <![CDATA[987654321]]>
              </value>
            </param>
            <param index="2">
              <value>
                <![CDATA[Mohamed@foodics.com]]>
              </value>
            </param>
            <param index="3">
              <value>
                <![CDATA[FoDiCs78]]>
              </value>
            </param>
          </params>
          <reporter-output>
          </reporter-output>
        </test-method> <!-- clickViews -->
        <test-method is-config="true" signature="clearUpEnvironment()[pri:0, instance:tests.FirstTestCase@18ce0030]" started-at="2023-09-09T22:46:49 EET" name="clearUpEnvironment" finished-at="2023-09-09T22:46:50 EET" duration-ms="1033" status="PASS">
          <reporter-output>
          </reporter-output>
        </test-method> <!-- clearUpEnvironment -->
      </class> <!-- tests.FirstTestCase -->
    </test> <!-- Surefire test -->
  </suite> <!-- Surefire suite -->
</testng-results>
